[0.860s] Invoking command in '/home/shamganesh/ros2_ws/src/path_nav': PYTHONPATH=/home/shamganesh/ros2_ws/src/path_nav/build/path_nav/prefix_override:/usr/lib/python3/dist-packages/colcon_core/task/python/colcon_distutils_commands:/home/shamganesh/ros2_ws/src/path_nav/install/path_nav/lib/python3.10/site-packages:${PYTHONPATH} /usr/bin/python3 -W ignore:setup.py install is deprecated -W ignore:easy_install command is deprecated setup.py egg_info --egg-base build/path_nav build --build-base /home/shamganesh/ros2_ws/src/path_nav/build/path_nav/build install --record /home/shamganesh/ros2_ws/src/path_nav/build/path_nav/install.log --single-version-externally-managed install_data
[1.088s] running egg_info
[1.102s] creating build/path_nav/path_nav.egg-info
[1.103s] writing build/path_nav/path_nav.egg-info/PKG-INFO
[1.103s] writing dependency_links to build/path_nav/path_nav.egg-info/dependency_links.txt
[1.103s] writing entry points to build/path_nav/path_nav.egg-info/entry_points.txt
[1.104s] writing requirements to build/path_nav/path_nav.egg-info/requires.txt
[1.104s] writing top-level names to build/path_nav/path_nav.egg-info/top_level.txt
[1.104s] writing manifest file 'build/path_nav/path_nav.egg-info/SOURCES.txt'
[1.119s] reading manifest file 'build/path_nav/path_nav.egg-info/SOURCES.txt'
[1.120s] writing manifest file 'build/path_nav/path_nav.egg-info/SOURCES.txt'
[1.120s] running build
[1.120s] running install
[1.124s] running install_data
[1.124s] creating /home/shamganesh/ros2_ws/src/path_nav/install/path_nav/share/ament_index/resource_index/packages
[1.124s] copying resource/path_nav -> /home/shamganesh/ros2_ws/src/path_nav/install/path_nav/share/ament_index/resource_index/packages
[1.125s] copying package.xml -> /home/shamganesh/ros2_ws/src/path_nav/install/path_nav/share/path_nav
[1.125s] creating /home/shamganesh/ros2_ws/src/path_nav/install/path_nav/share/path_nav/launch
[1.125s] copying launch/new_launch.launch.py -> /home/shamganesh/ros2_ws/src/path_nav/install/path_nav/share/path_nav/launch
[1.125s] copying launch/launch_path_nav.launch.py -> /home/shamganesh/ros2_ws/src/path_nav/install/path_nav/share/path_nav/launch
[1.125s] creating /home/shamganesh/ros2_ws/src/path_nav/install/path_nav/share/path_nav/rviz
[1.125s] copying rviz/path_nav.rviz -> /home/shamganesh/ros2_ws/src/path_nav/install/path_nav/share/path_nav/rviz
[1.125s] running install_egg_info
[1.155s] Copying build/path_nav/path_nav.egg-info to /home/shamganesh/ros2_ws/src/path_nav/install/path_nav/lib/python3.10/site-packages/path_nav-0.0.0-py3.10.egg-info
[1.156s] running install_scripts
[1.280s] Installing pure_pursuit_controller script to /home/shamganesh/ros2_ws/src/path_nav/install/path_nav/lib/path_nav
[1.280s] Installing trajectory_publisher script to /home/shamganesh/ros2_ws/src/path_nav/install/path_nav/lib/path_nav
[1.280s] writing list of installed files to '/home/shamganesh/ros2_ws/src/path_nav/build/path_nav/install.log'
[1.328s] Invoked command in '/home/shamganesh/ros2_ws/src/path_nav' returned '0': PYTHONPATH=/home/shamganesh/ros2_ws/src/path_nav/build/path_nav/prefix_override:/usr/lib/python3/dist-packages/colcon_core/task/python/colcon_distutils_commands:/home/shamganesh/ros2_ws/src/path_nav/install/path_nav/lib/python3.10/site-packages:${PYTHONPATH} /usr/bin/python3 -W ignore:setup.py install is deprecated -W ignore:easy_install command is deprecated setup.py egg_info --egg-base build/path_nav build --build-base /home/shamganesh/ros2_ws/src/path_nav/build/path_nav/build install --record /home/shamganesh/ros2_ws/src/path_nav/build/path_nav/install.log --single-version-externally-managed install_data
